Analysis & Elaboration report for DE1_SoC
Wed Oct 11 11:11:08 2017
Quartus Prime Version 17.0.2 Build 602 07/19/2017 SJ Standard Edition


---------------------
; Table of Contents ;
---------------------
  1. Legal Notice
  2. Analysis & Elaboration Summary
  3. Parallel Compilation
  4. Analysis & Elaboration Settings
  5. Port Connectivity Checks: "D_FF_enable:eachReg[0].eachDff[0].theReg|D_FF:d0"
  6. Port Connectivity Checks: "mux32_1:eachMux[63].largeMux1"
  7. Port Connectivity Checks: "mux32_1:eachMux[62].largeMux1"
  8. Port Connectivity Checks: "mux32_1:eachMux[61].largeMux1"
  9. Port Connectivity Checks: "mux32_1:eachMux[60].largeMux1"
 10. Port Connectivity Checks: "mux32_1:eachMux[59].largeMux1"
 11. Port Connectivity Checks: "mux32_1:eachMux[58].largeMux1"
 12. Port Connectivity Checks: "mux32_1:eachMux[57].largeMux1"
 13. Port Connectivity Checks: "mux32_1:eachMux[56].largeMux1"
 14. Port Connectivity Checks: "mux32_1:eachMux[55].largeMux1"
 15. Port Connectivity Checks: "mux32_1:eachMux[54].largeMux1"
 16. Port Connectivity Checks: "mux32_1:eachMux[53].largeMux1"
 17. Port Connectivity Checks: "mux32_1:eachMux[52].largeMux1"
 18. Port Connectivity Checks: "mux32_1:eachMux[51].largeMux1"
 19. Port Connectivity Checks: "mux32_1:eachMux[50].largeMux1"
 20. Port Connectivity Checks: "mux32_1:eachMux[49].largeMux1"
 21. Port Connectivity Checks: "mux32_1:eachMux[48].largeMux1"
 22. Port Connectivity Checks: "mux32_1:eachMux[47].largeMux1"
 23. Port Connectivity Checks: "mux32_1:eachMux[46].largeMux1"
 24. Port Connectivity Checks: "mux32_1:eachMux[45].largeMux1"
 25. Port Connectivity Checks: "mux32_1:eachMux[44].largeMux1"
 26. Port Connectivity Checks: "mux32_1:eachMux[43].largeMux1"
 27. Port Connectivity Checks: "mux32_1:eachMux[42].largeMux1"
 28. Port Connectivity Checks: "mux32_1:eachMux[41].largeMux1"
 29. Port Connectivity Checks: "mux32_1:eachMux[40].largeMux1"
 30. Port Connectivity Checks: "mux32_1:eachMux[39].largeMux1"
 31. Port Connectivity Checks: "mux32_1:eachMux[38].largeMux1"
 32. Port Connectivity Checks: "mux32_1:eachMux[37].largeMux1"
 33. Port Connectivity Checks: "mux32_1:eachMux[36].largeMux1"
 34. Port Connectivity Checks: "mux32_1:eachMux[35].largeMux1"
 35. Port Connectivity Checks: "mux32_1:eachMux[34].largeMux1"
 36. Port Connectivity Checks: "mux32_1:eachMux[33].largeMux1"
 37. Port Connectivity Checks: "mux32_1:eachMux[32].largeMux1"
 38. Port Connectivity Checks: "mux32_1:eachMux[31].largeMux1"
 39. Port Connectivity Checks: "mux32_1:eachMux[30].largeMux1"
 40. Port Connectivity Checks: "mux32_1:eachMux[29].largeMux1"
 41. Port Connectivity Checks: "mux32_1:eachMux[28].largeMux1"
 42. Port Connectivity Checks: "mux32_1:eachMux[27].largeMux1"
 43. Port Connectivity Checks: "mux32_1:eachMux[26].largeMux1"
 44. Port Connectivity Checks: "mux32_1:eachMux[25].largeMux1"
 45. Port Connectivity Checks: "mux32_1:eachMux[24].largeMux1"
 46. Port Connectivity Checks: "mux32_1:eachMux[23].largeMux1"
 47. Port Connectivity Checks: "mux32_1:eachMux[22].largeMux1"
 48. Port Connectivity Checks: "mux32_1:eachMux[21].largeMux1"
 49. Port Connectivity Checks: "mux32_1:eachMux[20].largeMux1"
 50. Port Connectivity Checks: "mux32_1:eachMux[19].largeMux1"
 51. Port Connectivity Checks: "mux32_1:eachMux[18].largeMux1"
 52. Port Connectivity Checks: "mux32_1:eachMux[17].largeMux1"
 53. Port Connectivity Checks: "mux32_1:eachMux[16].largeMux1"
 54. Port Connectivity Checks: "mux32_1:eachMux[15].largeMux1"
 55. Port Connectivity Checks: "mux32_1:eachMux[14].largeMux1"
 56. Port Connectivity Checks: "mux32_1:eachMux[13].largeMux1"
 57. Port Connectivity Checks: "mux32_1:eachMux[12].largeMux1"
 58. Port Connectivity Checks: "mux32_1:eachMux[11].largeMux1"
 59. Port Connectivity Checks: "mux32_1:eachMux[10].largeMux1"
 60. Port Connectivity Checks: "mux32_1:eachMux[9].largeMux1"
 61. Port Connectivity Checks: "mux32_1:eachMux[8].largeMux1"
 62. Port Connectivity Checks: "mux32_1:eachMux[7].largeMux1"
 63. Port Connectivity Checks: "mux32_1:eachMux[6].largeMux1"
 64. Port Connectivity Checks: "mux32_1:eachMux[5].largeMux1"
 65. Port Connectivity Checks: "mux32_1:eachMux[4].largeMux1"
 66. Port Connectivity Checks: "mux32_1:eachMux[3].largeMux1"
 67. Port Connectivity Checks: "mux32_1:eachMux[2].largeMux1"
 68. Port Connectivity Checks: "mux32_1:eachMux[1].largeMux1"
 69. Port Connectivity Checks: "mux32_1:eachMux[0].largeMux1"
 70. Port Connectivity Checks: "decode_5_32:Decoder"
 71. Analysis & Elaboration Messages
 72. Analysis & Elaboration Suppressed Messages



----------------
; Legal Notice ;
----------------
Copyright (C) 2017  Intel Corporation. All rights reserved.
Your use of Intel Corporation's design tools, logic functions 
and other software and tools, and its AMPP partner logic 
functions, and any output files from any of the foregoing 
(including device programming or simulation files), and any 
associated documentation or information are expressly subject 
to the terms and conditions of the Intel Program License 
Subscription Agreement, the Intel Quartus Prime License Agreement,
the Intel MegaCore Function License Agreement, or other 
applicable license agreement, including, without limitation, 
that your use is for the sole purpose of programming logic 
devices manufactured by Intel and sold by Intel or its 
authorized distributors.  Please refer to the applicable 
agreement for further details.



+---------------------------------------------------------------------------------+
; Analysis & Elaboration Summary                                                  ;
+-------------------------------+-------------------------------------------------+
; Analysis & Elaboration Status ; Successful - Wed Oct 11 11:11:07 2017           ;
; Quartus Prime Version         ; 17.0.2 Build 602 07/19/2017 SJ Standard Edition ;
; Revision Name                 ; DE1_SoC                                         ;
; Top-level Entity Name         ; regfile                                         ;
; Family                        ; Cyclone V                                       ;
; Logic utilization (in ALMs)   ; N/A until Partition Merge                       ;
; Total registers               ; N/A until Partition Merge                       ;
; Total pins                    ; N/A until Partition Merge                       ;
; Total virtual pins            ; N/A until Partition Merge                       ;
; Total block memory bits       ; N/A until Partition Merge                       ;
; Total PLLs                    ; N/A until Partition Merge                       ;
; Total DLLs                    ; N/A until Partition Merge                       ;
+-------------------------------+-------------------------------------------------+


+------------------------------------------+
; Parallel Compilation                     ;
+----------------------------+-------------+
; Processors                 ; Number      ;
+----------------------------+-------------+
; Number detected on machine ; 8           ;
; Maximum allowed            ; 4           ;
;                            ;             ;
; Average used               ; 1.00        ;
; Maximum used               ; 1           ;
;                            ;             ;
; Usage by Processor         ; % Time Used ;
;     Processor 1            ; 100.0%      ;
+----------------------------+-------------+


+---------------------------------------------------------------------------------------------------------------------------+
; Analysis & Elaboration Settings                                                                                           ;
+---------------------------------------------------------------------------------+--------------------+--------------------+
; Option                                                                          ; Setting            ; Default Value      ;
+---------------------------------------------------------------------------------+--------------------+--------------------+
; Device                                                                          ; 5CSEMA5F31C6       ;                    ;
; Top-level entity name                                                           ; regfile            ; DE1_SoC            ;
; Family name                                                                     ; Cyclone V          ; Cyclone V          ;
; State Machine Processing                                                        ; User-Encoded       ; Auto               ;
; Use smart compilation                                                           ; Off                ; Off                ;
; Enable parallel Assembler and TimeQuest Timing Analyzer during compilation      ; On                 ; On                 ;
; Enable compact report table                                                     ; Off                ; Off                ;
; Restructure Multiplexers                                                        ; Auto               ; Auto               ;
; MLAB Add Timing Constraints For Mixed-Port Feed-Through Mode Setting Don't Care ; Off                ; Off                ;
; Create Debugging Nodes for IP Cores                                             ; Off                ; Off                ;
; Preserve fewer node names                                                       ; On                 ; On                 ;
; OpenCore Plus hardware evaluation                                               ; Enable             ; Enable             ;
; Verilog Version                                                                 ; Verilog_2001       ; Verilog_2001       ;
; VHDL Version                                                                    ; VHDL_1993          ; VHDL_1993          ;
; Safe State Machine                                                              ; Off                ; Off                ;
; Extract Verilog State Machines                                                  ; On                 ; On                 ;
; Extract VHDL State Machines                                                     ; On                 ; On                 ;
; Ignore Verilog initial constructs                                               ; Off                ; Off                ;
; Iteration limit for constant Verilog loops                                      ; 5000               ; 5000               ;
; Iteration limit for non-constant Verilog loops                                  ; 250                ; 250                ;
; Add Pass-Through Logic to Inferred RAMs                                         ; On                 ; On                 ;
; Infer RAMs from Raw Logic                                                       ; On                 ; On                 ;
; Parallel Synthesis                                                              ; On                 ; On                 ;
; DSP Block Balancing                                                             ; Auto               ; Auto               ;
; NOT Gate Push-Back                                                              ; On                 ; On                 ;
; Power-Up Don't Care                                                             ; On                 ; On                 ;
; Remove Redundant Logic Cells                                                    ; Off                ; Off                ;
; Remove Duplicate Registers                                                      ; On                 ; On                 ;
; Ignore CARRY Buffers                                                            ; Off                ; Off                ;
; Ignore CASCADE Buffers                                                          ; Off                ; Off                ;
; Ignore GLOBAL Buffers                                                           ; Off                ; Off                ;
; Ignore ROW GLOBAL Buffers                                                       ; Off                ; Off                ;
; Ignore LCELL Buffers                                                            ; Off                ; Off                ;
; Ignore SOFT Buffers                                                             ; On                 ; On                 ;
; Limit AHDL Integers to 32 Bits                                                  ; Off                ; Off                ;
; Optimization Technique                                                          ; Balanced           ; Balanced           ;
; Carry Chain Length                                                              ; 70                 ; 70                 ;
; Auto Carry Chains                                                               ; On                 ; On                 ;
; Auto Open-Drain Pins                                                            ; On                 ; On                 ;
; Perform WYSIWYG Primitive Resynthesis                                           ; Off                ; Off                ;
; Auto ROM Replacement                                                            ; On                 ; On                 ;
; Auto RAM Replacement                                                            ; On                 ; On                 ;
; Auto DSP Block Replacement                                                      ; On                 ; On                 ;
; Auto Shift Register Replacement                                                 ; Auto               ; Auto               ;
; Allow Shift Register Merging across Hierarchies                                 ; Auto               ; Auto               ;
; Auto Clock Enable Replacement                                                   ; On                 ; On                 ;
; Strict RAM Replacement                                                          ; Off                ; Off                ;
; Allow Synchronous Control Signals                                               ; On                 ; On                 ;
; Force Use of Synchronous Clear Signals                                          ; Off                ; Off                ;
; Auto Resource Sharing                                                           ; Off                ; Off                ;
; Allow Any RAM Size For Recognition                                              ; Off                ; Off                ;
; Allow Any ROM Size For Recognition                                              ; Off                ; Off                ;
; Allow Any Shift Register Size For Recognition                                   ; Off                ; Off                ;
; Use LogicLock Constraints during Resource Balancing                             ; On                 ; On                 ;
; Ignore translate_off and synthesis_off directives                               ; Off                ; Off                ;
; Timing-Driven Synthesis                                                         ; On                 ; On                 ;
; Report Parameter Settings                                                       ; On                 ; On                 ;
; Report Source Assignments                                                       ; On                 ; On                 ;
; Report Connectivity Checks                                                      ; On                 ; On                 ;
; Ignore Maximum Fan-Out Assignments                                              ; Off                ; Off                ;
; Synchronization Register Chain Length                                           ; 3                  ; 3                  ;
; PowerPlay Power Optimization During Synthesis                                   ; Normal compilation ; Normal compilation ;
; HDL message level                                                               ; Level2             ; Level2             ;
; Suppress Register Optimization Related Messages                                 ; Off                ; Off                ;
; Number of Removed Registers Reported in Synthesis Report                        ; 5000               ; 5000               ;
; Number of Swept Nodes Reported in Synthesis Report                              ; 5000               ; 5000               ;
; Number of Inverted Registers Reported in Synthesis Report                       ; 100                ; 100                ;
; Clock MUX Protection                                                            ; On                 ; On                 ;
; Auto Gated Clock Conversion                                                     ; Off                ; Off                ;
; Block Design Naming                                                             ; Auto               ; Auto               ;
; SDC constraint protection                                                       ; Off                ; Off                ;
; Synthesis Effort                                                                ; Auto               ; Auto               ;
; Shift Register Replacement - Allow Asynchronous Clear Signal                    ; On                 ; On                 ;
; Pre-Mapping Resynthesis Optimization                                            ; Off                ; Off                ;
; Analysis & Synthesis Message Level                                              ; Medium             ; Medium             ;
; Disable Register Merging Across Hierarchies                                     ; Auto               ; Auto               ;
; Resource Aware Inference For Block RAM                                          ; On                 ; On                 ;
; Automatic Parallel Synthesis                                                    ; On                 ; On                 ;
; Partial Reconfiguration Bitstream ID                                            ; Off                ; Off                ;
+---------------------------------------------------------------------------------+--------------------+--------------------+


+------------------------------------------------------------------------------+
; Port Connectivity Checks: "D_FF_enable:eachReg[0].eachDff[0].theReg|D_FF:d0" ;
+-------+-------+----------+---------------------------------------------------+
; Port  ; Type  ; Severity ; Details                                           ;
+-------+-------+----------+---------------------------------------------------+
; reset ; Input ; Info     ; Stuck at GND                                      ;
+-------+-------+----------+---------------------------------------------------+


+-----------------------------------------------------------+
; Port Connectivity Checks: "mux32_1:eachMux[63].largeMux1" ;
+--------+-------+----------+-------------------------------+
; Port   ; Type  ; Severity ; Details                       ;
+--------+-------+----------+-------------------------------+
; in[31] ; Input ; Info     ; Stuck at GND                  ;
+--------+-------+----------+-------------------------------+


+-----------------------------------------------------------+
; Port Connectivity Checks: "mux32_1:eachMux[62].largeMux1" ;
+--------+-------+----------+-------------------------------+
; Port   ; Type  ; Severity ; Details                       ;
+--------+-------+----------+-------------------------------+
; in[31] ; Input ; Info     ; Stuck at GND                  ;
+--------+-------+----------+-------------------------------+


+-----------------------------------------------------------+
; Port Connectivity Checks: "mux32_1:eachMux[61].largeMux1" ;
+--------+-------+----------+-------------------------------+
; Port   ; Type  ; Severity ; Details                       ;
+--------+-------+----------+-------------------------------+
; in[31] ; Input ; Info     ; Stuck at GND                  ;
+--------+-------+----------+-------------------------------+


+-----------------------------------------------------------+
; Port Connectivity Checks: "mux32_1:eachMux[60].largeMux1" ;
+--------+-------+----------+-------------------------------+
; Port   ; Type  ; Severity ; Details                       ;
+--------+-------+----------+-------------------------------+
; in[31] ; Input ; Info     ; Stuck at GND                  ;
+--------+-------+----------+-------------------------------+


+-----------------------------------------------------------+
; Port Connectivity Checks: "mux32_1:eachMux[59].largeMux1" ;
+--------+-------+----------+-------------------------------+
; Port   ; Type  ; Severity ; Details                       ;
+--------+-------+----------+-------------------------------+
; in[31] ; Input ; Info     ; Stuck at GND                  ;
+--------+-------+----------+-------------------------------+


+-----------------------------------------------------------+
; Port Connectivity Checks: "mux32_1:eachMux[58].largeMux1" ;
+--------+-------+----------+-------------------------------+
; Port   ; Type  ; Severity ; Details                       ;
+--------+-------+----------+-------------------------------+
; in[31] ; Input ; Info     ; Stuck at GND                  ;
+--------+-------+----------+-------------------------------+


+-----------------------------------------------------------+
; Port Connectivity Checks: "mux32_1:eachMux[57].largeMux1" ;
+--------+-------+----------+-------------------------------+
; Port   ; Type  ; Severity ; Details                       ;
+--------+-------+----------+-------------------------------+
; in[31] ; Input ; Info     ; Stuck at GND                  ;
+--------+-------+----------+-------------------------------+


+-----------------------------------------------------------+
; Port Connectivity Checks: "mux32_1:eachMux[56].largeMux1" ;
+--------+-------+----------+-------------------------------+
; Port   ; Type  ; Severity ; Details                       ;
+--------+-------+----------+-------------------------------+
; in[31] ; Input ; Info     ; Stuck at GND                  ;
+--------+-------+----------+-------------------------------+


+-----------------------------------------------------------+
; Port Connectivity Checks: "mux32_1:eachMux[55].largeMux1" ;
+--------+-------+----------+-------------------------------+
; Port   ; Type  ; Severity ; Details                       ;
+--------+-------+----------+-------------------------------+
; in[31] ; Input ; Info     ; Stuck at GND                  ;
+--------+-------+----------+-------------------------------+


+-----------------------------------------------------------+
; Port Connectivity Checks: "mux32_1:eachMux[54].largeMux1" ;
+--------+-------+----------+-------------------------------+
; Port   ; Type  ; Severity ; Details                       ;
+--------+-------+----------+-------------------------------+
; in[31] ; Input ; Info     ; Stuck at GND                  ;
+--------+-------+----------+-------------------------------+


+-----------------------------------------------------------+
; Port Connectivity Checks: "mux32_1:eachMux[53].largeMux1" ;
+--------+-------+----------+-------------------------------+
; Port   ; Type  ; Severity ; Details                       ;
+--------+-------+----------+-------------------------------+
; in[31] ; Input ; Info     ; Stuck at GND                  ;
+--------+-------+----------+-------------------------------+


+-----------------------------------------------------------+
; Port Connectivity Checks: "mux32_1:eachMux[52].largeMux1" ;
+--------+-------+----------+-------------------------------+
; Port   ; Type  ; Severity ; Details                       ;
+--------+-------+----------+-------------------------------+
; in[31] ; Input ; Info     ; Stuck at GND                  ;
+--------+-------+----------+-------------------------------+


+-----------------------------------------------------------+
; Port Connectivity Checks: "mux32_1:eachMux[51].largeMux1" ;
+--------+-------+----------+-------------------------------+
; Port   ; Type  ; Severity ; Details                       ;
+--------+-------+----------+-------------------------------+
; in[31] ; Input ; Info     ; Stuck at GND                  ;
+--------+-------+----------+-------------------------------+


+-----------------------------------------------------------+
; Port Connectivity Checks: "mux32_1:eachMux[50].largeMux1" ;
+--------+-------+----------+-------------------------------+
; Port   ; Type  ; Severity ; Details                       ;
+--------+-------+----------+-------------------------------+
; in[31] ; Input ; Info     ; Stuck at GND                  ;
+--------+-------+----------+-------------------------------+


+-----------------------------------------------------------+
; Port Connectivity Checks: "mux32_1:eachMux[49].largeMux1" ;
+--------+-------+----------+-------------------------------+
; Port   ; Type  ; Severity ; Details                       ;
+--------+-------+----------+-------------------------------+
; in[31] ; Input ; Info     ; Stuck at GND                  ;
+--------+-------+----------+-------------------------------+


+-----------------------------------------------------------+
; Port Connectivity Checks: "mux32_1:eachMux[48].largeMux1" ;
+--------+-------+----------+-------------------------------+
; Port   ; Type  ; Severity ; Details                       ;
+--------+-------+----------+-------------------------------+
; in[31] ; Input ; Info     ; Stuck at GND                  ;
+--------+-------+----------+-------------------------------+


+-----------------------------------------------------------+
; Port Connectivity Checks: "mux32_1:eachMux[47].largeMux1" ;
+--------+-------+----------+-------------------------------+
; Port   ; Type  ; Severity ; Details                       ;
+--------+-------+----------+-------------------------------+
; in[31] ; Input ; Info     ; Stuck at GND                  ;
+--------+-------+----------+-------------------------------+


+-----------------------------------------------------------+
; Port Connectivity Checks: "mux32_1:eachMux[46].largeMux1" ;
+--------+-------+----------+-------------------------------+
; Port   ; Type  ; Severity ; Details                       ;
+--------+-------+----------+-------------------------------+
; in[31] ; Input ; Info     ; Stuck at GND                  ;
+--------+-------+----------+-------------------------------+


+-----------------------------------------------------------+
; Port Connectivity Checks: "mux32_1:eachMux[45].largeMux1" ;
+--------+-------+----------+-------------------------------+
; Port   ; Type  ; Severity ; Details                       ;
+--------+-------+----------+-------------------------------+
; in[31] ; Input ; Info     ; Stuck at GND                  ;
+--------+-------+----------+-------------------------------+


+-----------------------------------------------------------+
; Port Connectivity Checks: "mux32_1:eachMux[44].largeMux1" ;
+--------+-------+----------+-------------------------------+
; Port   ; Type  ; Severity ; Details                       ;
+--------+-------+----------+-------------------------------+
; in[31] ; Input ; Info     ; Stuck at GND                  ;
+--------+-------+----------+-------------------------------+


+-----------------------------------------------------------+
; Port Connectivity Checks: "mux32_1:eachMux[43].largeMux1" ;
+--------+-------+----------+-------------------------------+
; Port   ; Type  ; Severity ; Details                       ;
+--------+-------+----------+-------------------------------+
; in[31] ; Input ; Info     ; Stuck at GND                  ;
+--------+-------+----------+-------------------------------+


+-----------------------------------------------------------+
; Port Connectivity Checks: "mux32_1:eachMux[42].largeMux1" ;
+--------+-------+----------+-------------------------------+
; Port   ; Type  ; Severity ; Details                       ;
+--------+-------+----------+-------------------------------+
; in[31] ; Input ; Info     ; Stuck at GND                  ;
+--------+-------+----------+-------------------------------+


+-----------------------------------------------------------+
; Port Connectivity Checks: "mux32_1:eachMux[41].largeMux1" ;
+--------+-------+----------+-------------------------------+
; Port   ; Type  ; Severity ; Details                       ;
+--------+-------+----------+-------------------------------+
; in[31] ; Input ; Info     ; Stuck at GND                  ;
+--------+-------+----------+-------------------------------+


+-----------------------------------------------------------+
; Port Connectivity Checks: "mux32_1:eachMux[40].largeMux1" ;
+--------+-------+----------+-------------------------------+
; Port   ; Type  ; Severity ; Details                       ;
+--------+-------+----------+-------------------------------+
; in[31] ; Input ; Info     ; Stuck at GND                  ;
+--------+-------+----------+-------------------------------+


+-----------------------------------------------------------+
; Port Connectivity Checks: "mux32_1:eachMux[39].largeMux1" ;
+--------+-------+----------+-------------------------------+
; Port   ; Type  ; Severity ; Details                       ;
+--------+-------+----------+-------------------------------+
; in[31] ; Input ; Info     ; Stuck at GND                  ;
+--------+-------+----------+-------------------------------+


+-----------------------------------------------------------+
; Port Connectivity Checks: "mux32_1:eachMux[38].largeMux1" ;
+--------+-------+----------+-------------------------------+
; Port   ; Type  ; Severity ; Details                       ;
+--------+-------+----------+-------------------------------+
; in[31] ; Input ; Info     ; Stuck at GND                  ;
+--------+-------+----------+-------------------------------+


+-----------------------------------------------------------+
; Port Connectivity Checks: "mux32_1:eachMux[37].largeMux1" ;
+--------+-------+----------+-------------------------------+
; Port   ; Type  ; Severity ; Details                       ;
+--------+-------+----------+-------------------------------+
; in[31] ; Input ; Info     ; Stuck at GND                  ;
+--------+-------+----------+-------------------------------+


+-----------------------------------------------------------+
; Port Connectivity Checks: "mux32_1:eachMux[36].largeMux1" ;
+--------+-------+----------+-------------------------------+
; Port   ; Type  ; Severity ; Details                       ;
+--------+-------+----------+-------------------------------+
; in[31] ; Input ; Info     ; Stuck at GND                  ;
+--------+-------+----------+-------------------------------+


+-----------------------------------------------------------+
; Port Connectivity Checks: "mux32_1:eachMux[35].largeMux1" ;
+--------+-------+----------+-------------------------------+
; Port   ; Type  ; Severity ; Details                       ;
+--------+-------+----------+-------------------------------+
; in[31] ; Input ; Info     ; Stuck at GND                  ;
+--------+-------+----------+-------------------------------+


+-----------------------------------------------------------+
; Port Connectivity Checks: "mux32_1:eachMux[34].largeMux1" ;
+--------+-------+----------+-------------------------------+
; Port   ; Type  ; Severity ; Details                       ;
+--------+-------+----------+-------------------------------+
; in[31] ; Input ; Info     ; Stuck at GND                  ;
+--------+-------+----------+-------------------------------+


+-----------------------------------------------------------+
; Port Connectivity Checks: "mux32_1:eachMux[33].largeMux1" ;
+--------+-------+----------+-------------------------------+
; Port   ; Type  ; Severity ; Details                       ;
+--------+-------+----------+-------------------------------+
; in[31] ; Input ; Info     ; Stuck at GND                  ;
+--------+-------+----------+-------------------------------+


+-----------------------------------------------------------+
; Port Connectivity Checks: "mux32_1:eachMux[32].largeMux1" ;
+--------+-------+----------+-------------------------------+
; Port   ; Type  ; Severity ; Details                       ;
+--------+-------+----------+-------------------------------+
; in[31] ; Input ; Info     ; Stuck at GND                  ;
+--------+-------+----------+-------------------------------+


+-----------------------------------------------------------+
; Port Connectivity Checks: "mux32_1:eachMux[31].largeMux1" ;
+--------+-------+----------+-------------------------------+
; Port   ; Type  ; Severity ; Details                       ;
+--------+-------+----------+-------------------------------+
; in[31] ; Input ; Info     ; Stuck at GND                  ;
+--------+-------+----------+-------------------------------+


+-----------------------------------------------------------+
; Port Connectivity Checks: "mux32_1:eachMux[30].largeMux1" ;
+--------+-------+----------+-------------------------------+
; Port   ; Type  ; Severity ; Details                       ;
+--------+-------+----------+-------------------------------+
; in[31] ; Input ; Info     ; Stuck at GND                  ;
+--------+-------+----------+-------------------------------+


+-----------------------------------------------------------+
; Port Connectivity Checks: "mux32_1:eachMux[29].largeMux1" ;
+--------+-------+----------+-------------------------------+
; Port   ; Type  ; Severity ; Details                       ;
+--------+-------+----------+-------------------------------+
; in[31] ; Input ; Info     ; Stuck at GND                  ;
+--------+-------+----------+-------------------------------+


+-----------------------------------------------------------+
; Port Connectivity Checks: "mux32_1:eachMux[28].largeMux1" ;
+--------+-------+----------+-------------------------------+
; Port   ; Type  ; Severity ; Details                       ;
+--------+-------+----------+-------------------------------+
; in[31] ; Input ; Info     ; Stuck at GND                  ;
+--------+-------+----------+-------------------------------+


+-----------------------------------------------------------+
; Port Connectivity Checks: "mux32_1:eachMux[27].largeMux1" ;
+--------+-------+----------+-------------------------------+
; Port   ; Type  ; Severity ; Details                       ;
+--------+-------+----------+-------------------------------+
; in[31] ; Input ; Info     ; Stuck at GND                  ;
+--------+-------+----------+-------------------------------+


+-----------------------------------------------------------+
; Port Connectivity Checks: "mux32_1:eachMux[26].largeMux1" ;
+--------+-------+----------+-------------------------------+
; Port   ; Type  ; Severity ; Details                       ;
+--------+-------+----------+-------------------------------+
; in[31] ; Input ; Info     ; Stuck at GND                  ;
+--------+-------+----------+-------------------------------+


+-----------------------------------------------------------+
; Port Connectivity Checks: "mux32_1:eachMux[25].largeMux1" ;
+--------+-------+----------+-------------------------------+
; Port   ; Type  ; Severity ; Details                       ;
+--------+-------+----------+-------------------------------+
; in[31] ; Input ; Info     ; Stuck at GND                  ;
+--------+-------+----------+-------------------------------+


+-----------------------------------------------------------+
; Port Connectivity Checks: "mux32_1:eachMux[24].largeMux1" ;
+--------+-------+----------+-------------------------------+
; Port   ; Type  ; Severity ; Details                       ;
+--------+-------+----------+-------------------------------+
; in[31] ; Input ; Info     ; Stuck at GND                  ;
+--------+-------+----------+-------------------------------+


+-----------------------------------------------------------+
; Port Connectivity Checks: "mux32_1:eachMux[23].largeMux1" ;
+--------+-------+----------+-------------------------------+
; Port   ; Type  ; Severity ; Details                       ;
+--------+-------+----------+-------------------------------+
; in[31] ; Input ; Info     ; Stuck at GND                  ;
+--------+-------+----------+-------------------------------+


+-----------------------------------------------------------+
; Port Connectivity Checks: "mux32_1:eachMux[22].largeMux1" ;
+--------+-------+----------+-------------------------------+
; Port   ; Type  ; Severity ; Details                       ;
+--------+-------+----------+-------------------------------+
; in[31] ; Input ; Info     ; Stuck at GND                  ;
+--------+-------+----------+-------------------------------+


+-----------------------------------------------------------+
; Port Connectivity Checks: "mux32_1:eachMux[21].largeMux1" ;
+--------+-------+----------+-------------------------------+
; Port   ; Type  ; Severity ; Details                       ;
+--------+-------+----------+-------------------------------+
; in[31] ; Input ; Info     ; Stuck at GND                  ;
+--------+-------+----------+-------------------------------+


+-----------------------------------------------------------+
; Port Connectivity Checks: "mux32_1:eachMux[20].largeMux1" ;
+--------+-------+----------+-------------------------------+
; Port   ; Type  ; Severity ; Details                       ;
+--------+-------+----------+-------------------------------+
; in[31] ; Input ; Info     ; Stuck at GND                  ;
+--------+-------+----------+-------------------------------+


+-----------------------------------------------------------+
; Port Connectivity Checks: "mux32_1:eachMux[19].largeMux1" ;
+--------+-------+----------+-------------------------------+
; Port   ; Type  ; Severity ; Details                       ;
+--------+-------+----------+-------------------------------+
; in[31] ; Input ; Info     ; Stuck at GND                  ;
+--------+-------+----------+-------------------------------+


+-----------------------------------------------------------+
; Port Connectivity Checks: "mux32_1:eachMux[18].largeMux1" ;
+--------+-------+----------+-------------------------------+
; Port   ; Type  ; Severity ; Details                       ;
+--------+-------+----------+-------------------------------+
; in[31] ; Input ; Info     ; Stuck at GND                  ;
+--------+-------+----------+-------------------------------+


+-----------------------------------------------------------+
; Port Connectivity Checks: "mux32_1:eachMux[17].largeMux1" ;
+--------+-------+----------+-------------------------------+
; Port   ; Type  ; Severity ; Details                       ;
+--------+-------+----------+-------------------------------+
; in[31] ; Input ; Info     ; Stuck at GND                  ;
+--------+-------+----------+-------------------------------+


+-----------------------------------------------------------+
; Port Connectivity Checks: "mux32_1:eachMux[16].largeMux1" ;
+--------+-------+----------+-------------------------------+
; Port   ; Type  ; Severity ; Details                       ;
+--------+-------+----------+-------------------------------+
; in[31] ; Input ; Info     ; Stuck at GND                  ;
+--------+-------+----------+-------------------------------+


+-----------------------------------------------------------+
; Port Connectivity Checks: "mux32_1:eachMux[15].largeMux1" ;
+--------+-------+----------+-------------------------------+
; Port   ; Type  ; Severity ; Details                       ;
+--------+-------+----------+-------------------------------+
; in[31] ; Input ; Info     ; Stuck at GND                  ;
+--------+-------+----------+-------------------------------+


+-----------------------------------------------------------+
; Port Connectivity Checks: "mux32_1:eachMux[14].largeMux1" ;
+--------+-------+----------+-------------------------------+
; Port   ; Type  ; Severity ; Details                       ;
+--------+-------+----------+-------------------------------+
; in[31] ; Input ; Info     ; Stuck at GND                  ;
+--------+-------+----------+-------------------------------+


+-----------------------------------------------------------+
; Port Connectivity Checks: "mux32_1:eachMux[13].largeMux1" ;
+--------+-------+----------+-------------------------------+
; Port   ; Type  ; Severity ; Details                       ;
+--------+-------+----------+-------------------------------+
; in[31] ; Input ; Info     ; Stuck at GND                  ;
+--------+-------+----------+-------------------------------+


+-----------------------------------------------------------+
; Port Connectivity Checks: "mux32_1:eachMux[12].largeMux1" ;
+--------+-------+----------+-------------------------------+
; Port   ; Type  ; Severity ; Details                       ;
+--------+-------+----------+-------------------------------+
; in[31] ; Input ; Info     ; Stuck at GND                  ;
+--------+-------+----------+-------------------------------+


+-----------------------------------------------------------+
; Port Connectivity Checks: "mux32_1:eachMux[11].largeMux1" ;
+--------+-------+----------+-------------------------------+
; Port   ; Type  ; Severity ; Details                       ;
+--------+-------+----------+-------------------------------+
; in[31] ; Input ; Info     ; Stuck at GND                  ;
+--------+-------+----------+-------------------------------+


+-----------------------------------------------------------+
; Port Connectivity Checks: "mux32_1:eachMux[10].largeMux1" ;
+--------+-------+----------+-------------------------------+
; Port   ; Type  ; Severity ; Details                       ;
+--------+-------+----------+-------------------------------+
; in[31] ; Input ; Info     ; Stuck at GND                  ;
+--------+-------+----------+-------------------------------+


+----------------------------------------------------------+
; Port Connectivity Checks: "mux32_1:eachMux[9].largeMux1" ;
+--------+-------+----------+------------------------------+
; Port   ; Type  ; Severity ; Details                      ;
+--------+-------+----------+------------------------------+
; in[31] ; Input ; Info     ; Stuck at GND                 ;
+--------+-------+----------+------------------------------+


+----------------------------------------------------------+
; Port Connectivity Checks: "mux32_1:eachMux[8].largeMux1" ;
+--------+-------+----------+------------------------------+
; Port   ; Type  ; Severity ; Details                      ;
+--------+-------+----------+------------------------------+
; in[31] ; Input ; Info     ; Stuck at GND                 ;
+--------+-------+----------+------------------------------+


+----------------------------------------------------------+
; Port Connectivity Checks: "mux32_1:eachMux[7].largeMux1" ;
+--------+-------+----------+------------------------------+
; Port   ; Type  ; Severity ; Details                      ;
+--------+-------+----------+------------------------------+
; in[31] ; Input ; Info     ; Stuck at GND                 ;
+--------+-------+----------+------------------------------+


+----------------------------------------------------------+
; Port Connectivity Checks: "mux32_1:eachMux[6].largeMux1" ;
+--------+-------+----------+------------------------------+
; Port   ; Type  ; Severity ; Details                      ;
+--------+-------+----------+------------------------------+
; in[31] ; Input ; Info     ; Stuck at GND                 ;
+--------+-------+----------+------------------------------+


+----------------------------------------------------------+
; Port Connectivity Checks: "mux32_1:eachMux[5].largeMux1" ;
+--------+-------+----------+------------------------------+
; Port   ; Type  ; Severity ; Details                      ;
+--------+-------+----------+------------------------------+
; in[31] ; Input ; Info     ; Stuck at GND                 ;
+--------+-------+----------+------------------------------+


+----------------------------------------------------------+
; Port Connectivity Checks: "mux32_1:eachMux[4].largeMux1" ;
+--------+-------+----------+------------------------------+
; Port   ; Type  ; Severity ; Details                      ;
+--------+-------+----------+------------------------------+
; in[31] ; Input ; Info     ; Stuck at GND                 ;
+--------+-------+----------+------------------------------+


+----------------------------------------------------------+
; Port Connectivity Checks: "mux32_1:eachMux[3].largeMux1" ;
+--------+-------+----------+------------------------------+
; Port   ; Type  ; Severity ; Details                      ;
+--------+-------+----------+------------------------------+
; in[31] ; Input ; Info     ; Stuck at GND                 ;
+--------+-------+----------+------------------------------+


+----------------------------------------------------------+
; Port Connectivity Checks: "mux32_1:eachMux[2].largeMux1" ;
+--------+-------+----------+------------------------------+
; Port   ; Type  ; Severity ; Details                      ;
+--------+-------+----------+------------------------------+
; in[31] ; Input ; Info     ; Stuck at GND                 ;
+--------+-------+----------+------------------------------+


+----------------------------------------------------------+
; Port Connectivity Checks: "mux32_1:eachMux[1].largeMux1" ;
+--------+-------+----------+------------------------------+
; Port   ; Type  ; Severity ; Details                      ;
+--------+-------+----------+------------------------------+
; in[31] ; Input ; Info     ; Stuck at GND                 ;
+--------+-------+----------+------------------------------+


+----------------------------------------------------------+
; Port Connectivity Checks: "mux32_1:eachMux[0].largeMux1" ;
+--------+-------+----------+------------------------------+
; Port   ; Type  ; Severity ; Details                      ;
+--------+-------+----------+------------------------------+
; in[31] ; Input ; Info     ; Stuck at GND                 ;
+--------+-------+----------+------------------------------+


+-------------------------------------------------------------------------------------------------------------------+
; Port Connectivity Checks: "decode_5_32:Decoder"                                                                   ;
+---------+--------+----------+-------------------------------------------------------------------------------------+
; Port    ; Type   ; Severity ; Details                                                                             ;
+---------+--------+----------+-------------------------------------------------------------------------------------+
; out[31] ; Output ; Info     ; Connected to dangling logic. Logic that only feeds a dangling port will be removed. ;
+---------+--------+----------+-------------------------------------------------------------------------------------+


+---------------------------------+
; Analysis & Elaboration Messages ;
+---------------------------------+
Info: *******************************************************************
Info: Running Quartus Prime Analysis & Elaboration
    Info: Version 17.0.2 Build 602 07/19/2017 SJ Standard Edition
    Info: Processing started: Wed Oct 11 11:10:54 2017
Info: Command: quartus_map --read_settings_files=on --write_settings_files=off DE1_SoC -c DE1_SoC --analysis_and_elaboration
Info (20030): Parallel compilation is enabled and will use 4 of the 4 processors detected
Info (12021): Found 2 design units, including 2 entities, in source file mux16_1.sv
    Info (12023): Found entity 1: mux16_1 File: C:/Users/nesnes/Desktop/EE-469/Lab1/mux16_1.sv Line: 11
    Info (12023): Found entity 2: mux16_1_testbench File: C:/Users/nesnes/Desktop/EE-469/Lab1/mux16_1.sv Line: 25
Info (12021): Found 2 design units, including 2 entities, in source file decode_5_32.sv
    Info (12023): Found entity 1: decode_5_32 File: C:/Users/nesnes/Desktop/EE-469/Lab1/decode_5_32.sv Line: 14
    Info (12023): Found entity 2: decode_5_32_testbench File: C:/Users/nesnes/Desktop/EE-469/Lab1/decode_5_32.sv Line: 28
Info (12021): Found 2 design units, including 2 entities, in source file decode_1_2.sv
    Info (12023): Found entity 1: decode_1_2 File: C:/Users/nesnes/Desktop/EE-469/Lab1/decode_1_2.sv Line: 10
    Info (12023): Found entity 2: decode_1_2_testbench File: C:/Users/nesnes/Desktop/EE-469/Lab1/decode_1_2.sv Line: 22
Info (12021): Found 2 design units, including 2 entities, in source file decode_2_4.sv
    Info (12023): Found entity 1: decode_2_4 File: C:/Users/nesnes/Desktop/EE-469/Lab1/decode_2_4.sv Line: 10
    Info (12023): Found entity 2: decode_2_4_testbench File: C:/Users/nesnes/Desktop/EE-469/Lab1/decode_2_4.sv Line: 26
Info (12021): Found 1 design units, including 1 entities, in source file mux_64x32_1.sv
    Info (12023): Found entity 1: mux_64X32_1 File: C:/Users/nesnes/Desktop/EE-469/Lab1/mux_64X32_1.sv Line: 11
Info (12021): Found 1 design units, including 1 entities, in source file mux32_1.sv
    Info (12023): Found entity 1: mux32_1 File: C:/Users/nesnes/Desktop/EE-469/Lab1/mux32_1.sv Line: 11
Info (12021): Found 2 design units, including 2 entities, in source file decode_3_8.sv
    Info (12023): Found entity 1: decode_3_8 File: C:/Users/nesnes/Desktop/EE-469/Lab1/decode_3_8.sv Line: 14
    Info (12023): Found entity 2: decode_3_8_testbench File: C:/Users/nesnes/Desktop/EE-469/Lab1/decode_3_8.sv Line: 26
Info (12021): Found 2 design units, including 2 entities, in source file mux_4_1.sv
    Info (12023): Found entity 1: mux_4_1 File: C:/Users/nesnes/Desktop/EE-469/Lab1/mux_4_1.sv Line: 10
    Info (12023): Found entity 2: mux_4_1_testbench File: C:/Users/nesnes/Desktop/EE-469/Lab1/mux_4_1.sv Line: 26
Warning (12019): Can't analyze file -- file DE1_SoC.sv is missing
Info (12021): Found 2 design units, including 2 entities, in source file mux2_1.sv
    Info (12023): Found entity 1: mux2_1 File: C:/Users/nesnes/Desktop/EE-469/Lab1/mux2_1.sv Line: 10
    Info (12023): Found entity 2: mux2_1_testbench File: C:/Users/nesnes/Desktop/EE-469/Lab1/mux2_1.sv Line: 23
Info (12021): Found 1 design units, including 1 entities, in source file regstim.sv
    Info (12023): Found entity 1: regstim File: C:/Users/nesnes/Desktop/EE-469/Lab1/regstim.sv Line: 4
Info (12021): Found 1 design units, including 1 entities, in source file regfile.sv
    Info (12023): Found entity 1: regfile File: C:/Users/nesnes/Desktop/EE-469/Lab1/regfile.sv Line: 27
Info (12021): Found 1 design units, including 1 entities, in source file d_ff.sv
    Info (12023): Found entity 1: D_FF File: C:/Users/nesnes/Desktop/EE-469/Lab1/D_FF.sv Line: 1
Info (12021): Found 2 design units, including 2 entities, in source file d_ff_enable.sv
    Info (12023): Found entity 1: D_FF_enable File: C:/Users/nesnes/Desktop/EE-469/Lab1/D_FF_enable.sv Line: 18
    Info (12023): Found entity 2: D_FF_enable_testbench File: C:/Users/nesnes/Desktop/EE-469/Lab1/D_FF_enable.sv Line: 35
Info (12127): Elaborating entity "regfile" for the top level hierarchy
Info (12128): Elaborating entity "decode_5_32" for hierarchy "decode_5_32:Decoder" File: C:/Users/nesnes/Desktop/EE-469/Lab1/regfile.sv Line: 39
Info (12128): Elaborating entity "decode_2_4" for hierarchy "decode_5_32:Decoder|decode_2_4:submodule1" File: C:/Users/nesnes/Desktop/EE-469/Lab1/decode_5_32.sv Line: 21
Info (12128): Elaborating entity "decode_3_8" for hierarchy "decode_5_32:Decoder|decode_3_8:submodule2" File: C:/Users/nesnes/Desktop/EE-469/Lab1/decode_5_32.sv Line: 22
Info (12128): Elaborating entity "decode_1_2" for hierarchy "decode_5_32:Decoder|decode_3_8:submodule2|decode_1_2:submodule1" File: C:/Users/nesnes/Desktop/EE-469/Lab1/decode_3_8.sv Line: 21
Info (12128): Elaborating entity "mux32_1" for hierarchy "mux32_1:eachMux[0].largeMux1" File: C:/Users/nesnes/Desktop/EE-469/Lab1/regfile.sv Line: 46
Info (12128): Elaborating entity "mux16_1" for hierarchy "mux32_1:eachMux[0].largeMux1|mux16_1:submodule_1" File: C:/Users/nesnes/Desktop/EE-469/Lab1/mux32_1.sv Line: 17
Info (12128): Elaborating entity "mux_4_1" for hierarchy "mux32_1:eachMux[0].largeMux1|mux16_1:submodule_1|mux_4_1:submodule1" File: C:/Users/nesnes/Desktop/EE-469/Lab1/mux16_1.sv Line: 18
Info (12128): Elaborating entity "mux2_1" for hierarchy "mux32_1:eachMux[0].largeMux1|mux2_1:submodule_3" File: C:/Users/nesnes/Desktop/EE-469/Lab1/mux32_1.sv Line: 19
Info (12128): Elaborating entity "D_FF_enable" for hierarchy "D_FF_enable:eachReg[0].eachDff[0].theReg" File: C:/Users/nesnes/Desktop/EE-469/Lab1/regfile.sv Line: 58
Info (12128): Elaborating entity "D_FF" for hierarchy "D_FF_enable:eachReg[0].eachDff[0].theReg|D_FF:d0" File: C:/Users/nesnes/Desktop/EE-469/Lab1/D_FF_enable.sv Line: 28
Info (144001): Generated suppressed messages file C:/Users/nesnes/Desktop/EE-469/Lab1/output_files/DE1_SoC.map.smsg
Info: Quartus Prime Analysis & Elaboration was successful. 0 errors, 1 warning
    Info: Peak virtual memory: 764 megabytes
    Info: Processing ended: Wed Oct 11 11:11:08 2017
    Info: Elapsed time: 00:00:14
    Info: Total CPU time (on all processors): 00:00:26


+--------------------------------------------+
; Analysis & Elaboration Suppressed Messages ;
+--------------------------------------------+
The suppressed messages can be found in C:/Users/nesnes/Desktop/EE-469/Lab1/output_files/DE1_SoC.map.smsg.


